mode: count
String/String.go:39.47,42.19 3 1073
String/String.go:51.2,51.21 1 35
String/String.go:42.19,43.23 1 24464
String/String.go:46.3,46.21 1 24464
String/String.go:49.3,49.12 1 23426
String/String.go:43.23,45.4 1 1071
String/String.go:46.21,48.4 1 1038
String/String.go:54.47,57.19 3 1
String/String.go:66.2,66.21 1 0
String/String.go:57.19,58.23 1 9
String/String.go:61.3,61.21 1 9
String/String.go:64.3,64.12 1 8
String/String.go:58.23,60.4 1 1
String/String.go:61.21,63.4 1 1
String/String.go:69.35,71.2 1 0
String/String.go:73.52,75.25 2 3
String/String.go:78.2,78.22 1 3
String/String.go:75.25,77.3 1 0
String/String.go:81.39,82.12 1 3
String/String.go:85.2,85.11 1 2
String/String.go:88.2,88.11 1 1
String/String.go:82.12,84.3 1 1
String/String.go:85.11,87.3 1 1
String/String.go:91.46,93.2 1 50
String/String.go:95.47,97.2 1 0
String/String.go:99.43,101.2 1 2
String/String.go:103.42,105.2 1 4
String/String.go:107.42,109.2 1 2
String/String.go:111.34,118.30 4 1
String/String.go:126.2,126.30 1 1
String/String.go:131.2,136.42 5 1
String/String.go:139.2,140.17 2 1
String/String.go:154.2,154.25 1 1
String/String.go:157.2,157.10 1 1
String/String.go:118.30,124.3 5 38
String/String.go:126.30,129.3 1 0
String/String.go:136.42,138.3 1 0
String/String.go:140.17,141.28 1 38
String/String.go:145.3,149.43 4 6
String/String.go:152.3,152.17 1 6
String/String.go:141.28,143.12 2 32
String/String.go:149.43,151.4 1 0
String/String.go:154.25,156.3 1 1
String/String.go:160.56,172.25 5 0
String/String.go:187.2,187.14 1 0
String/String.go:192.2,193.29 2 0
String/String.go:197.2,197.10 1 0
String/String.go:172.25,173.14 1 0
String/String.go:173.14,174.16 1 0
String/String.go:174.16,177.5 2 0
String/String.go:178.9,179.17 1 0
String/String.go:179.17,182.5 2 0
String/String.go:187.14,189.3 1 0
String/String.go:193.29,195.3 1 0
String/String.go:200.47,203.2 2 3
String/String.go:205.47,209.2 3 3
String/String.go:211.27,213.2 1 2
String/String.go:215.30,217.2 1 1
String/String.go:219.42,221.2 1 27
String/String.go:223.44,225.2 1 2
String/String.go:227.39,229.2 1 4
String/String.go:231.50,233.2 1 1
String/String.go:235.39,236.9 1 2
String/String.go:237.35,238.30 1 2
String/String.go:239.27,240.23 1 0
String/String.go:245.3,245.12 1 0
String/String.go:246.26,247.12 1 0
String/String.go:248.10,249.28 1 0
String/String.go:240.23,241.27 1 0
String/String.go:241.27,243.5 1 0
String/String.go:253.42,256.16 3 1
String/String.go:262.2,263.26 2 1
String/String.go:267.2,270.27 4 1
String/String.go:274.2,274.27 1 1
String/String.go:257.9,258.12 1 0
String/String.go:259.9,260.14 1 0
String/String.go:263.26,265.3 1 3
String/String.go:270.27,273.3 2 2
String/String.go:277.46,279.2 1 2
String/String.go:281.48,283.2 1 2
String/String.go:285.43,286.35 1 2
String/String.go:291.2,291.11 1 1
String/String.go:286.35,287.16 1 13
String/String.go:287.16,289.4 1 1
String/String.go:294.54,296.2 1 2
String/String.go:298.66,299.26 1 23
String/String.go:306.2,306.11 1 1
String/String.go:299.26,302.20 3 40
String/String.go:302.20,304.4 1 22
String/String.go:309.53,311.2 1 6
String/String.go:313.42,316.16 3 1
String/String.go:324.2,324.15 1 1
String/String.go:330.2,334.18 5 1
String/String.go:342.2,342.27 1 1
String/String.go:316.16,318.3 1 0
String/String.go:324.15,325.42 1 0
String/String.go:326.8,326.33 1 1
String/String.go:326.33,327.49 1 0
String/String.go:334.18,335.21 1 3
String/String.go:335.21,337.4 1 2
String/String.go:337.9,339.9 2 1
String/String.go:345.56,347.2 1 23
String/String.go:349.52,351.2 1 21
String/String.go:353.44,355.2 1 2
String/String.go:357.63,358.12 1 5
String/String.go:361.2,361.15 1 5
String/String.go:364.2,364.11 1 5
String/String.go:368.2,371.12 4 5
String/String.go:380.2,381.16 2 5
String/String.go:358.12,360.3 1 0
String/String.go:361.15,363.3 1 0
String/String.go:364.11,366.3 1 3
String/String.go:371.12,373.12 2 20
String/String.go:376.3,378.6 3 20
String/String.go:373.12,374.9 1 0
String/String.go:384.41,386.20 2 0
String/String.go:389.2,390.27 2 0
String/String.go:398.2,398.11 1 0
String/String.go:401.2,401.10 1 0
String/String.go:386.20,388.3 1 0
String/String.go:390.27,394.27 4 0
String/String.go:394.27,396.4 1 0
String/String.go:398.11,400.3 1 0
String/String.go:404.49,406.2 1 1
String/String.go:408.57,410.2 1 1
String/String.go:412.52,414.2 1 1
String/String.go:416.32,422.21 2 1
String/String.go:422.21,423.25 1 18
String/String.go:427.4,428.12 2 15
String/String.go:423.25,426.5 2 3
String/String.go:432.31,434.15 1 18
String/String.go:448.2,448.47 1 0
String/String.go:452.2,452.27 1 0
String/String.go:434.15,435.10 1 18
String/String.go:445.3,445.14 1 3
String/String.go:436.29,437.16 1 0
String/String.go:438.29,439.16 1 15
String/String.go:440.29,441.16 1 0
String/String.go:442.17,443.16 1 0
String/String.go:448.47,450.3 1 0
String/String.go:455.34,457.30 2 1
String/String.go:466.2,466.13 1 1
String/String.go:481.2,481.31 1 0
String/String.go:457.30,459.25 2 18
String/String.go:463.3,463.48 1 18
String/String.go:459.25,461.9 2 0
String/String.go:466.13,467.16 1 1
String/String.go:470.3,472.31 3 1
String/String.go:479.3,479.28 1 1
String/String.go:467.16,469.4 1 0
String/String.go:472.31,474.28 2 18
String/String.go:477.4,477.18 1 18
String/String.go:474.28,476.5 1 16
String/String.go:484.62,486.2 1 1
String/String.go:488.34,488.67 1 1
String/String.go:490.34,492.30 2 1
String/String.go:501.2,501.13 1 1
String/String.go:516.2,516.31 1 0
String/String.go:492.30,494.25 2 18
String/String.go:498.3,498.48 1 18
String/String.go:494.25,496.9 2 0
String/String.go:501.13,502.16 1 1
String/String.go:505.3,507.31 3 1
String/String.go:514.3,514.28 1 1
String/String.go:502.16,504.4 1 0
String/String.go:507.31,509.28 2 18
String/String.go:512.4,512.18 1 18
String/String.go:509.28,511.5 1 16
String/String.go:519.62,521.2 1 1
String/String.go:523.62,525.2 1 1
String/String.go:528.56,532.24 3 0
String/String.go:547.2,547.18 1 0
String/String.go:551.2,552.28 2 0
String/String.go:574.2,574.27 1 0
String/String.go:532.24,533.26 1 0
String/String.go:537.3,538.15 2 0
String/String.go:533.26,534.12 1 0
String/String.go:538.15,542.9 4 0
String/String.go:547.18,549.3 1 0
String/String.go:552.28,554.24 2 0
String/String.go:560.3,561.15 2 0
String/String.go:569.3,571.11 3 0
String/String.go:554.24,558.12 4 0
String/String.go:561.15,563.16 2 0
String/String.go:567.4,567.12 1 0
String/String.go:563.16,566.5 2 0
String/String.go:577.44,578.29 1 1
String/String.go:581.2,581.44 1 1
String/String.go:578.29,580.3 1 0
String/String.go:584.52,586.2 1 1
String/String.go:588.57,590.37 2 21
String/String.go:596.2,596.15 1 21
String/String.go:590.37,593.3 2 0
String/String.go:593.8,595.3 1 21
String/String.go:599.56,601.13 2 1
String/String.go:604.2,604.14 1 1
String/String.go:601.13,603.3 1 0
String/String.go:607.62,608.22 1 1
String/String.go:613.2,613.11 1 0
String/String.go:608.22,609.20 1 5
String/String.go:609.20,611.4 1 1
String/String.go:616.55,617.51 1 21
String/String.go:622.2,622.51 1 1
String/String.go:627.2,627.27 1 0
String/String.go:617.51,618.28 1 20
String/String.go:618.28,620.4 1 26
String/String.go:622.51,623.28 1 1
String/String.go:623.28,625.4 1 10
String/String.go:627.27,627.62 1 0
String/String.go:632.59,633.34 1 1
String/String.go:640.2,640.17 1 1
String/String.go:633.34,635.25 2 2
String/String.go:638.3,638.30 1 2
String/String.go:635.25,637.4 1 0
String/String.go:643.43,645.2 1 10
String/String.go:647.48,648.29 1 0
String/String.go:651.2,651.48 1 0
String/String.go:648.29,650.3 1 0
String/String.go:654.50,655.25 1 1
String/String.go:658.2,658.10 1 0
String/String.go:655.25,657.3 1 1
String/String.go:661.49,662.29 1 20
String/String.go:665.2,665.49 1 20
String/String.go:662.29,664.3 1 0
String/String.go:668.36,671.32 2 1
String/String.go:684.2,685.29 2 1
String/String.go:698.2,698.22 1 1
String/String.go:671.32,673.25 2 4
String/String.go:678.3,678.25 1 4
String/String.go:673.25,677.4 1 0
String/String.go:678.25,679.9 1 1
String/String.go:685.29,687.25 2 6
String/String.go:690.3,690.25 1 6
String/String.go:687.25,689.4 1 0
String/String.go:690.25,691.9 1 1
String/String.go:701.50,702.25 1 1
String/String.go:705.2,705.10 1 0
String/String.go:702.25,704.3 1 1
String/String.go:710.30,714.2 3 1
String/String.go:716.31,720.2 3 1
String/String.go:723.47,727.16 4 3
String/String.go:730.2,734.56 4 3
String/String.go:738.2,741.82 3 3
String/String.go:727.16,728.13 1 0
String/String.go:734.56,735.13 1 0
String/String.go:745.51,749.16 4 3
String/String.go:752.2,756.56 4 3
String/String.go:760.2,763.42 3 3
String/String.go:749.16,750.13 1 0
String/String.go:756.56,757.13 1 0
String/String.go:767.47,772.16 5 3
String/String.go:777.2,781.21 5 3
String/String.go:772.16,773.13 1 0
String/String.go:785.51,789.16 4 3
String/String.go:794.2,798.21 5 3
String/String.go:789.16,790.13 1 0
String/String.go:802.54,803.50 1 0
String/String.go:806.2,807.57 2 0
String/String.go:811.2,811.40 1 0
String/String.go:803.50,804.48 1 0
String/String.go:807.57,808.13 1 0
String/String.go:1045.33,1047.2 1 55
String/String.go:1049.32,1051.2 1 4
String/String.go:1053.30,1055.2 1 5
String/String.go:1063.38,1065.2 1 3
String/String.go:1067.31,1069.2 1 5
String/String.go:1071.31,1073.2 1 5
String/String.go:1075.29,1077.2 1 6
String/String.go:1079.34,1081.2 1 4
String/String.go:1083.38,1085.2 1 5
String/String.go:1087.35,1089.2 1 3
String/String.go:1091.51,1095.2 3 3
String/String.go:1097.48,1100.2 2 3
String/String.go:1102.45,1105.2 2 3
String/String.go:1109.57,1111.2 1 0
String/String.go:1113.52,1115.2 1 0
String/String.go:1119.54,1121.2 1 0
String/String.go:1123.49,1126.2 2 0
String/String.go:1128.46,1129.17 1 5
String/String.go:1129.17,1131.3 1 1
String/String.go:1131.8,1134.18 3 4
String/String.go:1138.3,1139.35 2 4
String/String.go:1134.18,1137.4 2 8
String/String.go:1143.48,1144.17 1 5
String/String.go:1144.17,1146.3 1 1
String/String.go:1146.8,1149.18 3 4
String/String.go:1153.3,1154.35 2 4
String/String.go:1149.18,1152.4 2 10
String/String.go:1158.43,1159.17 1 4
String/String.go:1159.17,1161.3 1 1
String/String.go:1161.8,1164.18 3 3
String/String.go:1168.3,1169.35 2 3
String/String.go:1164.18,1167.4 2 9
String/String.go:1173.46,1174.17 1 4
String/String.go:1174.17,1176.3 1 1
String/String.go:1176.8,1179.18 3 3
String/String.go:1183.3,1184.35 2 3
String/String.go:1179.18,1182.4 2 9
String/String.go:1188.30,1193.16 3 2
String/String.go:1196.2,1198.16 3 2
String/String.go:1201.2,1201.21 1 2
String/String.go:1193.16,1194.13 1 0
String/String.go:1198.16,1199.13 1 0
String/String.go:1205.47,1210.2 3 2
String/String.go:1212.31,1214.2 1 2
String/String.go:1216.35,1218.16 2 2
String/String.go:1221.2,1221.10 1 2
String/String.go:1218.16,1219.13 1 0
String/String.go:1224.31,1225.65 1 4
String/String.go:1225.65,1227.17 2 2
String/String.go:1230.3,1230.55 1 1
String/String.go:1227.17,1229.4 1 1
String/String.go:1230.55,1232.4 1 1
String/String.go:1232.9,1234.4 1 0
String/String.go:1235.8,1237.25 2 2
String/String.go:1240.3,1240.23 1 1
String/String.go:1237.25,1239.4 1 1
String/String.go:1244.38,1245.65 1 2
String/String.go:1245.65,1247.3 1 1
String/String.go:1247.8,1249.3 1 1
String/String.go:1252.42,1255.16 2 1
String/String.go:1258.2,1259.52 2 1
String/String.go:1255.16,1256.13 1 0
String/String.go:1259.52,1260.13 1 0
String/String.go:1264.36,1266.2 1 1
String/String.go:1268.36,1271.2 2 1
String/String.go:1273.36,1275.2 1 1
String/String.go:1277.36,1280.2 2 1
String/String.go:1282.39,1284.2 1 1
String/String.go:1286.39,1289.2 2 1
String/String.go:1291.61,1299.16 5 1
String/String.go:1302.2,1304.21 3 1
String/String.go:1299.16,1300.13 1 0
String/String.go:1307.48,1313.17 6 10
String/String.go:1354.2,1354.17 1 10
String/String.go:1313.17,1314.20 1 336
String/String.go:1352.3,1352.6 1 336
String/String.go:1314.20,1315.69 1 10
String/String.go:1315.69,1317.5 1 5
String/String.go:1317.10,1319.5 1 5
String/String.go:1321.9,1325.28 1 326
String/String.go:1325.28,1329.4 2 19
String/String.go:1329.9,1330.27 1 307
String/String.go:1330.27,1335.4 3 1
String/String.go:1335.9,1336.26 1 306
String/String.go:1336.26,1341.4 3 0
String/String.go:1341.9,1341.84 1 306
String/String.go:1341.84,1346.4 3 3
String/String.go:1346.9,1346.56 1 303
String/String.go:1346.56,1351.4 3 3
String/String.go:1357.44,1359.23 2 10
String/String.go:1359.23,1362.33 3 10
String/String.go:1367.3,1372.17 6 10
String/String.go:1375.3,1375.132 1 10
String/String.go:1362.33,1366.4 2 20
String/String.go:1372.17,1373.14 1 0
String/String.go:1376.8,1378.3 1 0
String/String.go:1382.40,1385.2 2 1
String/String.go:1387.43,1390.2 2 1
String/String.go:1392.41,1395.2 2 1
String/String.go:1397.41,1400.2 2 1
String/String.go:1402.44,1405.2 2 1
String/String.go:1407.47,1410.2 2 1
String/String.go:1412.45,1415.2 2 1
String/String.go:1417.45,1420.2 2 1
String/String.go:1422.74,1424.16 2 1
String/String.go:1427.2,1427.27 1 1
String/String.go:1435.2,1435.26 1 1
String/String.go:1469.2,1469.26 1 1
String/String.go:1503.2,1503.27 1 1
String/String.go:1510.2,1510.28 1 1
String/String.go:1514.2,1514.26 1 1
String/String.go:1522.2,1522.26 1 1
String/String.go:1530.2,1530.26 1 1
String/String.go:1563.2,1565.16 2 1
String/String.go:1569.2,1569.14 1 1
String/String.go:1424.16,1425.13 1 0
String/String.go:1427.27,1428.30 1 1
String/String.go:1428.30,1430.4 1 1
String/String.go:1430.9,1432.4 1 0
String/String.go:1435.26,1436.28 1 1
String/String.go:1436.28,1437.30 1 1
String/String.go:1437.30,1438.32 1 0
String/String.go:1438.32,1440.32 2 0
String/String.go:1443.6,1443.31 1 0
String/String.go:1446.6,1446.30 1 0
String/String.go:1440.32,1442.7 1 0
String/String.go:1443.31,1445.7 1 0
String/String.go:1446.30,1448.7 1 0
String/String.go:1449.11,1451.31 2 0
String/String.go:1454.6,1454.30 1 0
String/String.go:1451.31,1453.7 1 0
String/String.go:1454.30,1456.7 1 0
String/String.go:1458.10,1460.29 2 1
String/String.go:1460.29,1462.6 1 0
String/String.go:1464.9,1466.4 1 0
String/String.go:1469.26,1470.28 1 1
String/String.go:1470.28,1471.30 1 1
String/String.go:1471.30,1472.32 1 0
String/String.go:1472.32,1474.32 2 0
String/String.go:1477.6,1477.31 1 0
String/String.go:1480.6,1480.30 1 0
String/String.go:1474.32,1476.7 1 0
String/String.go:1477.31,1479.7 1 0
String/String.go:1480.30,1482.7 1 0
String/String.go:1483.11,1485.31 2 0
String/String.go:1488.6,1488.30 1 0
String/String.go:1485.31,1487.7 1 0
String/String.go:1488.30,1490.7 1 0
String/String.go:1492.10,1494.29 2 1
String/String.go:1494.29,1496.6 1 0
String/String.go:1498.9,1500.4 1 0
String/String.go:1503.27,1504.30 1 1
String/String.go:1504.30,1506.4 1 0
String/String.go:1506.9,1508.4 1 1
String/String.go:1510.28,1512.3 1 0
String/String.go:1514.26,1515.28 1 1
String/String.go:1515.28,1517.4 1 1
String/String.go:1517.9,1519.4 1 0
String/String.go:1522.26,1523.28 1 1
String/String.go:1523.28,1525.4 1 1
String/String.go:1525.9,1527.4 1 0
String/String.go:1530.26,1531.29 1 1
String/String.go:1531.29,1532.31 1 0
String/String.go:1532.31,1534.5 1 0
String/String.go:1534.10,1536.5 1 0
String/String.go:1537.9,1537.37 1 1
String/String.go:1537.37,1538.33 1 0
String/String.go:1538.33,1540.5 1 0
String/String.go:1540.10,1542.5 1 0
String/String.go:1543.9,1543.35 1 1
String/String.go:1543.35,1544.30 1 0
String/String.go:1544.30,1546.5 1 0
String/String.go:1546.10,1548.5 1 0
String/String.go:1549.9,1549.36 1 1
String/String.go:1549.36,1550.32 1 1
String/String.go:1550.32,1552.5 1 0
String/String.go:1552.10,1554.5 1 1
String/String.go:1555.9,1555.35 1 0
String/String.go:1555.35,1557.4 1 0
String/String.go:1557.9,1557.34 1 0
String/String.go:1557.34,1559.4 1 0
String/String.go:1565.16,1566.13 1 0
String/String.go:1572.52,1573.27 1 1
String/String.go:1581.2,1581.26 1 1
String/String.go:1615.2,1615.26 1 1
String/String.go:1649.2,1649.27 1 1
String/String.go:1656.2,1656.28 1 1
String/String.go:1660.2,1660.26 1 1
String/String.go:1668.2,1668.26 1 1
String/String.go:1676.2,1676.26 1 1
String/String.go:1709.2,1711.16 2 1
String/String.go:1715.2,1715.14 1 1
String/String.go:1573.27,1574.30 1 1
String/String.go:1574.30,1576.4 1 1
String/String.go:1576.9,1578.4 1 0
String/String.go:1581.26,1582.28 1 1
String/String.go:1582.28,1583.30 1 1
String/String.go:1583.30,1584.32 1 0
String/String.go:1584.32,1586.32 2 0
String/String.go:1589.6,1589.31 1 0
String/String.go:1592.6,1592.30 1 0
String/String.go:1586.32,1588.7 1 0
String/String.go:1589.31,1591.7 1 0
String/String.go:1592.30,1594.7 1 0
String/String.go:1595.11,1597.31 2 0
String/String.go:1600.6,1600.30 1 0
String/String.go:1597.31,1599.7 1 0
String/String.go:1600.30,1602.7 1 0
String/String.go:1604.10,1606.29 2 1
String/String.go:1606.29,1608.6 1 0
String/String.go:1610.9,1612.4 1 0
String/String.go:1615.26,1616.28 1 1
String/String.go:1616.28,1617.30 1 1
String/String.go:1617.30,1618.32 1 0
String/String.go:1618.32,1620.32 2 0
String/String.go:1623.6,1623.31 1 0
String/String.go:1626.6,1626.30 1 0
String/String.go:1620.32,1622.7 1 0
String/String.go:1623.31,1625.7 1 0
String/String.go:1626.30,1628.7 1 0
String/String.go:1629.11,1631.31 2 0
String/String.go:1634.6,1634.30 1 0
String/String.go:1631.31,1633.7 1 0
String/String.go:1634.30,1636.7 1 0
String/String.go:1638.10,1640.29 2 1
String/String.go:1640.29,1642.6 1 0
String/String.go:1644.9,1646.4 1 0
String/String.go:1649.27,1650.30 1 1
String/String.go:1650.30,1652.4 1 0
String/String.go:1652.9,1654.4 1 1
String/String.go:1656.28,1658.3 1 0
String/String.go:1660.26,1661.28 1 1
String/String.go:1661.28,1663.4 1 1
String/String.go:1663.9,1665.4 1 0
String/String.go:1668.26,1669.28 1 1
String/String.go:1669.28,1671.4 1 1
String/String.go:1671.9,1673.4 1 0
String/String.go:1676.26,1677.29 1 1
String/String.go:1677.29,1678.31 1 0
String/String.go:1678.31,1680.5 1 0
String/String.go:1680.10,1682.5 1 0
String/String.go:1683.9,1683.37 1 1
String/String.go:1683.37,1684.33 1 0
String/String.go:1684.33,1686.5 1 0
String/String.go:1686.10,1688.5 1 0
String/String.go:1689.9,1689.35 1 1
String/String.go:1689.35,1690.30 1 0
String/String.go:1690.30,1692.5 1 0
String/String.go:1692.10,1694.5 1 0
String/String.go:1695.9,1695.36 1 1
String/String.go:1695.36,1696.32 1 1
String/String.go:1696.32,1698.5 1 0
String/String.go:1698.10,1700.5 1 1
String/String.go:1701.9,1701.35 1 0
String/String.go:1701.35,1703.4 1 0
String/String.go:1703.9,1703.34 1 0
String/String.go:1703.34,1705.4 1 0
String/String.go:1711.16,1712.13 1 0
String/String.go:1718.27,1720.16 2 1
String/String.go:1723.2,1723.10 1 1
String/String.go:1720.16,1721.13 1 0
String/String.go:1726.31,1728.16 2 1
String/String.go:1731.2,1731.17 1 1
String/String.go:1728.16,1729.13 1 0
String/String.go:1734.31,1736.16 2 1
String/String.go:1739.2,1739.10 1 1
String/String.go:1736.16,1737.13 1 0
String/String.go:1742.33,1744.16 2 1
String/String.go:1747.2,1747.18 1 1
String/String.go:1744.16,1745.13 1 0
String/String.go:1750.33,1752.16 2 1
String/String.go:1755.2,1755.10 1 1
String/String.go:1752.16,1753.13 1 0
String/String.go:1758.29,1760.16 2 1
String/String.go:1763.2,1763.10 1 1
String/String.go:1760.16,1761.13 1 0
String/String.go:1766.35,1768.16 2 1
String/String.go:1771.2,1771.10 1 1
String/String.go:1768.16,1769.13 1 0
String/String.go:1774.35,1776.16 2 1
String/String.go:1779.2,1779.19 1 1
String/String.go:1776.16,1777.13 1 0
String/String.go:1782.29,1784.16 2 1
String/String.go:1787.2,1787.16 1 1
String/String.go:1784.16,1785.13 1 0
String/String.go:1790.36,1795.25 5 1
String/String.go:1817.2,1817.23 1 1
String/String.go:1795.25,1796.18 1 152
String/String.go:1807.3,1807.18 1 152
String/String.go:1815.3,1815.6 1 152
String/String.go:1796.18,1797.26 1 12
String/String.go:1800.4,1800.65 1 12
String/String.go:1803.4,1803.25 1 12
String/String.go:1797.26,1799.5 1 10
String/String.go:1800.65,1802.5 1 2
String/String.go:1803.25,1805.5 1 4
String/String.go:1807.18,1810.71 1 12
String/String.go:1813.4,1813.16 1 12
String/String.go:1810.71,1812.5 1 2
String/String.go:1820.44,1822.2 1 1
String/String.go:1824.49,1828.18 4 1
String/String.go:1841.2,1841.15 1 1
String/String.go:1828.18,1833.15 2 4
String/String.go:1839.3,1839.6 1 4
String/String.go:1833.15,1835.4 1 1
String/String.go:1835.9,1838.4 2 3
String/String.go:1844.41,1846.2 1 1
String/String.go:1848.42,1850.2 1 1
String/String.go:1852.34,1855.13 3 1
String/String.go:1859.2,1859.11 1 1
String/String.go:1855.13,1858.3 2 6
String/String.go:1867.29,1869.2 1 0
String/String.go:1871.44,1878.17 7 1
String/String.go:1906.2,1906.46 1 1
String/String.go:1915.2,1918.21 3 1
String/String.go:1923.2,1923.10 1 1
String/String.go:1878.17,1882.20 4 15
String/String.go:1902.3,1902.6 1 15
String/String.go:1882.20,1886.4 2 1
String/String.go:1886.9,1889.25 3 14
String/String.go:1896.4,1896.22 1 14
String/String.go:1889.25,1890.31 1 51
String/String.go:1894.5,1894.12 1 51
String/String.go:1890.31,1893.6 2 10
String/String.go:1896.22,1900.5 2 4
String/String.go:1906.46,1908.3 1 5
String/String.go:1918.21,1921.3 2 5
String/String.go:1932.59,1934.19 2 1
String/String.go:1937.2,1937.18 1 1
String/String.go:1934.19,1936.3 1 12
String/String.go:1940.49,1942.2 1 1
String/String.go:1944.41,1947.2 2 0
String/String.go:1949.43,1951.2 1 1
String/String.go:1953.44,1955.2 1 1
String/String.go:1957.51,1959.2 1 1
String/String.go:1961.53,1964.121 2 0
String/String.go:1972.2,1972.90 1 0
String/String.go:2010.2,2010.14 1 0
String/String.go:2014.2,2014.11 1 0
String/String.go:1964.121,1965.17 1 0
String/String.go:1970.3,1970.13 1 0
String/String.go:1965.17,1968.4 2 0
String/String.go:1972.90,1973.17 1 0
String/String.go:1977.3,1977.19 1 0
String/String.go:1982.3,1983.17 2 0
String/String.go:2008.3,2008.13 1 0
String/String.go:1973.17,1976.4 2 0
String/String.go:1977.19,1979.4 1 0
String/String.go:1983.17,1986.4 1 0
String/String.go:1986.9,1995.23 5 0
String/String.go:1995.23,2001.28 5 0
String/String.go:2005.5,2005.8 1 0
String/String.go:2001.28,2004.6 2 0
String/String.go:2010.14,2013.3 2 0
String/String.go:2018.28,2020.2 1 0
String/String.go:2022.60,2024.25 2 0
String/String.go:2029.2,2029.12 1 0
String/String.go:2024.25,2025.14 1 0
String/String.go:2025.14,2027.4 1 0
String/String.go:2032.49,2033.19 1 1
String/String.go:2036.2,2036.10 1 1
String/String.go:2033.19,2035.3 1 3
String/String.go:2039.54,2040.19 1 1
String/String.go:2043.2,2043.10 1 1
String/String.go:2040.19,2042.3 1 3
String/String.go:2046.43,2049.2 2 1
String/String.go:2051.45,2053.24 2 0
String/String.go:2057.2,2057.12 1 0
String/String.go:2053.24,2056.3 2 0
String/String.go:2060.52,2062.24 2 0
String/String.go:2067.2,2067.12 1 0
String/String.go:2062.24,2063.23 1 0
String/String.go:2063.23,2065.4 1 0
String/String.go:2070.50,2072.24 2 0
String/String.go:2076.2,2076.12 1 0
String/String.go:2072.24,2075.3 2 0
String/String.go:2079.46,2081.24 2 0
String/String.go:2085.2,2085.12 1 0
String/String.go:2081.24,2084.3 2 0
String/String.go:2088.53,2090.24 2 0
String/String.go:2095.2,2095.12 1 0
String/String.go:2090.24,2091.26 1 0
String/String.go:2091.26,2093.4 1 0
String/String.go:2098.45,2100.24 2 0
String/String.go:2104.2,2104.12 1 0
String/String.go:2100.24,2103.3 2 0
String/String.go:2125.46,2127.24 2 0
String/String.go:2131.2,2131.12 1 0
String/String.go:2127.24,2130.3 2 0
String/String.go:2134.53,2136.24 2 0
String/String.go:2141.2,2141.12 1 0
String/String.go:2136.24,2137.24 1 0
String/String.go:2137.24,2139.4 1 0
String/String.go:2144.46,2146.24 2 0
String/String.go:2150.2,2150.12 1 0
String/String.go:2146.24,2149.3 2 0
String/String.go:2153.53,2155.24 2 0
String/String.go:2160.2,2160.12 1 0
String/String.go:2155.24,2156.24 1 0
String/String.go:2156.24,2158.4 1 0
String/String.go:2163.42,2165.24 2 0
String/String.go:2169.2,2169.12 1 0
String/String.go:2165.24,2168.3 2 0
